<!DOCTYPE html>
<html>
<head>
<meta http-equiv="Content-Type" content="text/html; charset=utf-8"/>
<meta http-equiv="x-ua-compatible" content="IE=edge"/>
<title>Test results - Class com.epam.pipeline.autotests.RunPipelineTest</title>
<link href="../css/base-style.css" rel="stylesheet" type="text/css"/>
<link href="../css/style.css" rel="stylesheet" type="text/css"/>
<script src="../js/report.js" type="text/javascript"></script>
</head>
<body>
<div id="content">
<h1>Class com.epam.pipeline.autotests.RunPipelineTest</h1>
<div class="breadcrumbs">
<a href="../index.html">all</a> &gt; 
<a href="../packages/com.epam.pipeline.autotests.html">com.epam.pipeline.autotests</a> &gt; RunPipelineTest</div>
<div id="summary">
<table>
<tr>
<td>
<div class="summaryGroup">
<table>
<tr>
<td>
<div class="infoBox" id="tests">
<div class="counter">14</div>
<p>tests</p>
</div>
</td>
<td>
<div class="infoBox" id="failures">
<div class="counter">1</div>
<p>failures</p>
</div>
</td>
<td>
<div class="infoBox" id="ignored">
<div class="counter">0</div>
<p>ignored</p>
</div>
</td>
<td>
<div class="infoBox" id="duration">
<div class="counter">22m13.04s</div>
<p>duration</p>
</div>
</td>
</tr>
</table>
</div>
</td>
<td>
<div class="infoBox failures" id="successRate">
<div class="percent">92%</div>
<p>successful</p>
</div>
</td>
</tr>
</table>
</div>
<div id="tabs">
<ul class="tabLinks">
<li>
<a href="#tab0">Failed tests</a>
</li>
<li>
<a href="#tab1">Tests</a>
</li>
<li>
<a href="#tab2">Standard output</a>
</li>
</ul>
<div id="tab0" class="tab">
<h2>Failed tests</h2>
<div class="test">
<a name="nodePageShouldBeValid - EPMCMBIBPC-301"></a>
<h3 class="failures">nodePageShouldBeValid - EPMCMBIBPC-301</h3>
<span class="code">
<pre>Element not found {label with type RUNID}
Expected: visible
Screenshot: file:/headless/e2e/gui/build/reports/tests/1668963211278.47.png
Page source: file:/headless/e2e/gui/build/reports/tests/1668963211278.47.html
Timeout: 150 s.
Caused by: NoSuchElementException: Cannot locate an element using label with type RUNID
	at com.codeborne.selenide.impl.WebElementSource.createElementNotFoundError(WebElementSource.java:31)
	at com.codeborne.selenide.impl.ElementFinder.createElementNotFoundError(ElementFinder.java:82)
	at com.codeborne.selenide.impl.WebElementSource.checkCondition(WebElementSource.java:59)
	at com.codeborne.selenide.commands.Should.should(Should.java:35)
	at com.codeborne.selenide.commands.Should.execute(Should.java:29)
	at com.codeborne.selenide.commands.Should.execute(Should.java:12)
	at com.codeborne.selenide.commands.Commands.execute(Commands.java:144)
	at com.codeborne.selenide.impl.SelenideElementProxy.dispatchAndRetry(SelenideElementProxy.java:87)
	at com.codeborne.selenide.impl.SelenideElementProxy.invoke(SelenideElementProxy.java:63)
	at com.sun.proxy.$Proxy15.should(Unknown Source)
	at com.epam.pipeline.autotests.ao.AccessObject.ensure(AccessObject.java:191)
	at com.epam.pipeline.autotests.RunPipelineTest.nodePageShouldBeValid(RunPipelineTest.java:271)
	at sun.reflect.NativeMethodAccessorImpl.invoke0(Native Method)
	at sun.reflect.NativeMethodAccessorImpl.invoke(NativeMethodAccessorImpl.java:62)
	at sun.reflect.DelegatingMethodAccessorImpl.invoke(DelegatingMethodAccessorImpl.java:43)
	at java.lang.reflect.Method.invoke(Method.java:498)
	at org.testng.internal.MethodInvocationHelper.invokeMethod(MethodInvocationHelper.java:108)
	at org.testng.internal.Invoker.invokeMethod(Invoker.java:661)
	at org.testng.internal.Invoker.invokeTestMethod(Invoker.java:869)
	at org.testng.internal.Invoker.invokeTestMethods(Invoker.java:1193)
	at org.testng.internal.TestMethodWorker.invokeTestMethods(TestMethodWorker.java:126)
	at org.testng.internal.TestMethodWorker.run(TestMethodWorker.java:109)
	at java.util.concurrent.ThreadPoolExecutor.runWorker(ThreadPoolExecutor.java:1149)
	at java.util.concurrent.ThreadPoolExecutor$Worker.run(ThreadPoolExecutor.java:624)
	at java.lang.Thread.run(Thread.java:748)
Caused by: org.openqa.selenium.NoSuchElementException: Cannot locate an element using label with type RUNID
For documentation on this error, please visit: http://seleniumhq.org/exceptions/no_such_element.html
Build info: version: '3.8.1', revision: '6e95a6684b', time: '2017-12-01T18:33:54.468Z'
System info: host: '9d26a5b1219b', ip: '172.17.0.2', os.name: 'Linux', os.arch: 'amd64', os.version: '3.10.0-1160.49.1.el7.x86_64', java.version: '1.8.0_262'
Driver info: driver.version: unknown
	at org.openqa.selenium.By.findElement(By.java:162)
	at org.openqa.selenium.remote.RemoteWebElement.findElement(RemoteWebElement.java:175)
	at com.codeborne.selenide.impl.WebElementSelector.findElement(WebElementSelector.java:29)
	at com.codeborne.selenide.impl.ElementFinder.getWebElement(ElementFinder.java:56)
	at com.codeborne.selenide.impl.WebElementSource.checkCondition(WebElementSource.java:44)
	... 22 more
</pre>
</span>
</div>
</div>
<div id="tab1" class="tab">
<h2>Tests</h2>
<table>
<thead>
<tr>
<th>Test</th>
<th>Duration</th>
<th>Result</th>
</tr>
</thead>
<tr>
<td class="success">activePipelineShouldBeOpenedFromNodeInfo - EPMCMBIBPC-302</td>
<td>1.115s</td>
<td class="success">passed</td>
</tr>
<tr>
<td class="success">clusterNodePageShouldBeValid - EPMCMBIBPC-267</td>
<td>8.604s</td>
<td class="success">passed</td>
</tr>
<tr>
<td class="success">cmdTemplateShouldBeCorrect - EPMCMBIBPC-306</td>
<td>23.502s</td>
<td class="success">passed</td>
</tr>
<tr>
<td class="success">instanceTabShouldBeValid - EPMCMBIBPC-307</td>
<td>1.594s</td>
<td class="success">passed</td>
</tr>
<tr>
<td class="success">logShouldBeValid - EPMCMBIBPC-309</td>
<td>19.575s</td>
<td class="success">passed</td>
</tr>
<tr>
<td class="failures">nodePageShouldBeValid - EPMCMBIBPC-301</td>
<td>2m35.22s</td>
<td class="failures">failed</td>
</tr>
<tr>
<td class="success">pipelineLogPageShouldBeValid - EPMCMBIBPC-305</td>
<td>4m18.50s</td>
<td class="success">passed</td>
</tr>
<tr>
<td class="success">pipelineRunFormShouldBeValid - EPMCMBIBPC-299</td>
<td>20.641s</td>
<td class="success">passed</td>
</tr>
<tr>
<td class="success">runShouldNotAppearInActiveRuns - EPMCMBIBPC-312</td>
<td>9m30.82s</td>
<td class="success">passed</td>
</tr>
<tr>
<td class="success">shouldContainCorrectNode - EPMCMBIBPC-304</td>
<td>3m45.32s</td>
<td class="success">passed</td>
</tr>
<tr>
<td class="success">shouldCreatePipelineFromPythonTemplate - EPMCMBIBPC-298</td>
<td>10.475s</td>
<td class="success">passed</td>
</tr>
<tr>
<td class="success">shouldLaunchPipeline - EPMCMBIBPC-100</td>
<td>27.883s</td>
<td class="success">passed</td>
</tr>
<tr>
<td class="success">shouldNavigateToTheNode - EPMCMBIBPC-311</td>
<td>1.152s</td>
<td class="success">passed</td>
</tr>
<tr>
<td class="success">timingsShouldBeValid - EPMCMBIBPC-310</td>
<td>8.643s</td>
<td class="success">passed</td>
</tr>
</table>
</div>
<div id="tab2" class="tab">
<h2>Standard output</h2>
<span class="code">
<pre>Returns latest run with runId 34205 from [34205]
Returns latest run with runId 34205 from [34205]
Returns latest run with runId 34205 from [34205]
Returns latest run with runId 34205 from [34205]
Returns latest run with runId 34205 from [34205]
Returns latest run with runId 34205 from [34205]
Returns latest run with runId 34206 from [34205, 34206]
Returns latest run with runId 34206 from [34205, 34206]
Returns latest run with runId 34206 from [34205, 34206]
</pre>
</span>
</div>
</div>
<div id="footer">
<p>
<div>
<label class="hidden" id="label-for-line-wrapping-toggle" for="line-wrapping-toggle">Wrap lines
<input id="line-wrapping-toggle" type="checkbox" autocomplete="off"/>
</label>
</div>Generated by 
<a href="http://www.gradle.org">Gradle 3.4.1</a> at Nov 21, 2022 4:26:27 AM</p>
</div>
</div>
</body>
</html>
