<!DOCTYPE html>
<html>
<head>
<meta http-equiv="Content-Type" content="text/html; charset=utf-8"/>
<meta http-equiv="x-ua-compatible" content="IE=edge"/>
<title>Test results - Class com.epam.pipeline.autotests.GlobalSearchTest</title>
<link href="../css/base-style.css" rel="stylesheet" type="text/css"/>
<link href="../css/style.css" rel="stylesheet" type="text/css"/>
<script src="../js/report.js" type="text/javascript"></script>
</head>
<body>
<div id="content">
<h1>Class com.epam.pipeline.autotests.GlobalSearchTest</h1>
<div class="breadcrumbs">
<a href="../index.html">all</a> &gt; 
<a href="../packages/com.epam.pipeline.autotests.html">com.epam.pipeline.autotests</a> &gt; GlobalSearchTest</div>
<div id="summary">
<table>
<tr>
<td>
<div class="summaryGroup">
<table>
<tr>
<td>
<div class="infoBox" id="tests">
<div class="counter">21</div>
<p>tests</p>
</div>
</td>
<td>
<div class="infoBox" id="failures">
<div class="counter">7</div>
<p>failures</p>
</div>
</td>
<td>
<div class="infoBox" id="ignored">
<div class="counter">5</div>
<p>ignored</p>
</div>
</td>
<td>
<div class="infoBox" id="duration">
<div class="counter">1h25m7.98s</div>
<p>duration</p>
</div>
</td>
</tr>
</table>
</div>
</td>
<td>
<div class="infoBox failures" id="successRate">
<div class="percent">56%</div>
<p>successful</p>
</div>
</td>
</tr>
</table>
</div>
<div id="tabs">
<ul class="tabLinks">
<li>
<a href="#tab0">Failed tests</a>
</li>
<li>
<a href="#tab1">Tests</a>
</li>
<li>
<a href="#tab2">Standard output</a>
</li>
</ul>
<div id="tab0" class="tab">
<h2>Failed tests</h2>
<div class="test">
<a name="folderSearch - EPMCMBIBPC-2654"></a>
<h3 class="failures">folderSearch - EPMCMBIBPC-2654</h3>
<span class="code">
<pre>ListSizeMismatch : expected: = 1, actual: 0, collection: By.id: search-results/.earch__search-result-item
Elements: []
Screenshot: file:/headless/e2e/gui/build/reports/tests/1691351698867.136.png
Page source: file:/headless/e2e/gui/build/reports/tests/1691351698867.136.html
Timeout: 6 s.
	at com.codeborne.selenide.collections.ListSize.fail(ListSize.java:24)
	at com.codeborne.selenide.ElementsCollection.waitUntil(ElementsCollection.java:98)
	at com.codeborne.selenide.ElementsCollection.should(ElementsCollection.java:57)
	at com.codeborne.selenide.ElementsCollection.shouldHave(ElementsCollection.java:48)
	at com.codeborne.selenide.ElementsCollection.shouldHaveSize(ElementsCollection.java:33)
	at com.epam.pipeline.autotests.ao.GlobalSearchAO.validateSearchResults(GlobalSearchAO.java:139)
	at com.epam.pipeline.autotests.GlobalSearchTest.folderSearch(GlobalSearchTest.java:665)
	at sun.reflect.NativeMethodAccessorImpl.invoke0(Native Method)
	at sun.reflect.NativeMethodAccessorImpl.invoke(NativeMethodAccessorImpl.java:62)
	at sun.reflect.DelegatingMethodAccessorImpl.invoke(DelegatingMethodAccessorImpl.java:43)
	at java.lang.reflect.Method.invoke(Method.java:498)
	at org.testng.internal.MethodInvocationHelper.invokeMethod(MethodInvocationHelper.java:108)
	at org.testng.internal.Invoker.invokeMethod(Invoker.java:661)
	at org.testng.internal.Invoker.invokeTestMethod(Invoker.java:869)
	at org.testng.internal.Invoker.invokeTestMethods(Invoker.java:1193)
	at org.testng.internal.TestMethodWorker.invokeTestMethods(TestMethodWorker.java:126)
	at org.testng.internal.TestMethodWorker.run(TestMethodWorker.java:109)
	at java.util.concurrent.ThreadPoolExecutor.runWorker(ThreadPoolExecutor.java:1149)
	at java.util.concurrent.ThreadPoolExecutor$Worker.run(ThreadPoolExecutor.java:624)
	at java.lang.Thread.run(Thread.java:748)
</pre>
</span>
</div>
<div class="test">
<a name="folderSearchByEnterKey - EPMCMBIBPC-2655"></a>
<h3 class="failures">folderSearchByEnterKey - EPMCMBIBPC-2655</h3>
<span class="code">
<pre>Element should be visible {By.id: search-results}
Element: '&lt;div class=&quot;earch__search-results&quot; id=&quot;search-results&quot; displayed:false&gt;&lt;/div&gt;'
Screenshot: file:/headless/e2e/gui/build/reports/tests/1691351923590.137.png
Page source: file:/headless/e2e/gui/build/reports/tests/1691351923590.137.html
Timeout: 210 s.
	at com.codeborne.selenide.impl.WebElementSource.checkCondition(WebElementSource.java:66)
	at com.codeborne.selenide.commands.Should.should(Should.java:35)
	at com.codeborne.selenide.commands.Should.execute(Should.java:29)
	at com.codeborne.selenide.commands.Should.execute(Should.java:12)
	at com.codeborne.selenide.commands.Commands.execute(Commands.java:144)
	at com.codeborne.selenide.impl.SelenideElementProxy.dispatchAndRetry(SelenideElementProxy.java:87)
	at com.codeborne.selenide.impl.SelenideElementProxy.invoke(SelenideElementProxy.java:63)
	at com.sun.proxy.$Proxy15.shouldBe(Unknown Source)
	at com.epam.pipeline.autotests.ao.AccessObject.hover(AccessObject.java:178)
	at com.epam.pipeline.autotests.GlobalSearchTest.folderSearchByEnterKey(GlobalSearchTest.java:683)
	at sun.reflect.NativeMethodAccessorImpl.invoke0(Native Method)
	at sun.reflect.NativeMethodAccessorImpl.invoke(NativeMethodAccessorImpl.java:62)
	at sun.reflect.DelegatingMethodAccessorImpl.invoke(DelegatingMethodAccessorImpl.java:43)
	at java.lang.reflect.Method.invoke(Method.java:498)
	at org.testng.internal.MethodInvocationHelper.invokeMethod(MethodInvocationHelper.java:108)
	at org.testng.internal.Invoker.invokeMethod(Invoker.java:661)
	at org.testng.internal.Invoker.invokeTestMethod(Invoker.java:869)
	at org.testng.internal.Invoker.invokeTestMethods(Invoker.java:1193)
	at org.testng.internal.TestMethodWorker.invokeTestMethods(TestMethodWorker.java:126)
	at org.testng.internal.TestMethodWorker.run(TestMethodWorker.java:109)
	at java.util.concurrent.ThreadPoolExecutor.runWorker(ThreadPoolExecutor.java:1149)
	at java.util.concurrent.ThreadPoolExecutor$Worker.run(ThreadPoolExecutor.java:624)
	at java.lang.Thread.run(Thread.java:748)
</pre>
</span>
</div>
<div class="test">
<a name="issueSearch - EPMCMBIBPC-2670"></a>
<h3 class="failures">issueSearch - EPMCMBIBPC-2670</h3>
<span class="code">
<pre>Element should be visible {By.id: search-results}
Element: '&lt;div class=&quot;earch__search-results&quot; id=&quot;search-results&quot; displayed:false&gt;&lt;/div&gt;'
Screenshot: file:/headless/e2e/gui/build/reports/tests/1691352757443.138.png
Page source: file:/headless/e2e/gui/build/reports/tests/1691352757443.138.html
Timeout: 210 s.
	at com.codeborne.selenide.impl.WebElementSource.checkCondition(WebElementSource.java:66)
	at com.codeborne.selenide.commands.Should.should(Should.java:35)
	at com.codeborne.selenide.commands.Should.execute(Should.java:29)
	at com.codeborne.selenide.commands.Should.execute(Should.java:12)
	at com.codeborne.selenide.commands.Commands.execute(Commands.java:144)
	at com.codeborne.selenide.impl.SelenideElementProxy.dispatchAndRetry(SelenideElementProxy.java:87)
	at com.codeborne.selenide.impl.SelenideElementProxy.invoke(SelenideElementProxy.java:63)
	at com.sun.proxy.$Proxy15.shouldBe(Unknown Source)
	at com.epam.pipeline.autotests.ao.AccessObject.hover(AccessObject.java:178)
	at com.epam.pipeline.autotests.GlobalSearchTest.issueSearch(GlobalSearchTest.java:594)
	at sun.reflect.NativeMethodAccessorImpl.invoke0(Native Method)
	at sun.reflect.NativeMethodAccessorImpl.invoke(NativeMethodAccessorImpl.java:62)
	at sun.reflect.DelegatingMethodAccessorImpl.invoke(DelegatingMethodAccessorImpl.java:43)
	at java.lang.reflect.Method.invoke(Method.java:498)
	at org.testng.internal.MethodInvocationHelper.invokeMethod(MethodInvocationHelper.java:108)
	at org.testng.internal.Invoker.invokeMethod(Invoker.java:661)
	at org.testng.internal.Invoker.invokeTestMethod(Invoker.java:869)
	at org.testng.internal.Invoker.invokeTestMethods(Invoker.java:1193)
	at org.testng.internal.TestMethodWorker.invokeTestMethods(TestMethodWorker.java:126)
	at org.testng.internal.TestMethodWorker.run(TestMethodWorker.java:109)
	at java.util.concurrent.ThreadPoolExecutor.runWorker(ThreadPoolExecutor.java:1149)
	at java.util.concurrent.ThreadPoolExecutor$Worker.run(ThreadPoolExecutor.java:624)
	at java.lang.Thread.run(Thread.java:748)
</pre>
</span>
</div>
<div class="test">
<a name="searchAfterDeleting - EPMCMBIBPC-2676"></a>
<h3 class="failures">searchAfterDeleting - EPMCMBIBPC-2676</h3>
<span class="code">
<pre>Element not found {with text: Nothing found}
Expected: visible
Screenshot: file:/headless/e2e/gui/build/reports/tests/1691356812504.148.png
Page source: file:/headless/e2e/gui/build/reports/tests/1691356812504.148.html
Timeout: 210 s.
Caused by: NoSuchElementException: no such element: Unable to locate element: {&quot;method&quot;:&quot;xpath&quot;,&quot;selector&quot;:&quot;.//*/text()[contains(normalize-space(translate(string(.), '
	at com.codeborne.selenide.impl.WebElementSource.createElementNotFoundError(WebElementSource.java:31)
	at com.codeborne.selenide.impl.ElementFinder.createElementNotFoundError(ElementFinder.java:82)
	at com.codeborne.selenide.impl.WebElementSource.checkCondition(WebElementSource.java:59)
	at com.codeborne.selenide.commands.Should.should(Should.java:35)
	at com.codeborne.selenide.commands.Should.execute(Should.java:29)
	at com.codeborne.selenide.commands.Should.execute(Should.java:12)
	at com.codeborne.selenide.commands.Commands.execute(Commands.java:144)
	at com.codeborne.selenide.impl.SelenideElementProxy.dispatchAndRetry(SelenideElementProxy.java:87)
	at com.codeborne.selenide.impl.SelenideElementProxy.invoke(SelenideElementProxy.java:63)
	at com.sun.proxy.$Proxy15.should(Unknown Source)
	at com.epam.pipeline.autotests.ao.AccessObject.messageShouldAppear(AccessObject.java:409)
	at com.epam.pipeline.autotests.ao.GlobalSearchAO.validateSearchResults(GlobalSearchAO.java:134)
	at com.epam.pipeline.autotests.GlobalSearchTest.searchAfterDeleting(GlobalSearchTest.java:793)
	at sun.reflect.NativeMethodAccessorImpl.invoke0(Native Method)
	at sun.reflect.NativeMethodAccessorImpl.invoke(NativeMethodAccessorImpl.java:62)
	at sun.reflect.DelegatingMethodAccessorImpl.invoke(DelegatingMethodAccessorImpl.java:43)
	at java.lang.reflect.Method.invoke(Method.java:498)
	at org.testng.internal.MethodInvocationHelper.invokeMethod(MethodInvocationHelper.java:108)
	at org.testng.internal.Invoker.invokeMethod(Invoker.java:661)
	at org.testng.internal.Invoker.invokeTestMethod(Invoker.java:869)
	at org.testng.internal.Invoker.invokeTestMethods(Invoker.java:1193)
	at org.testng.internal.TestMethodWorker.invokeTestMethods(TestMethodWorker.java:126)
	at org.testng.internal.TestMethodWorker.run(TestMethodWorker.java:109)
	at java.util.concurrent.ThreadPoolExecutor.runWorker(ThreadPoolExecutor.java:1149)
	at java.util.concurrent.ThreadPoolExecutor$Worker.run(ThreadPoolExecutor.java:624)
	at java.lang.Thread.run(Thread.java:748)
Caused by: org.openqa.selenium.NoSuchElementException: no such element: Unable to locate element: {&quot;method&quot;:&quot;xpath&quot;,&quot;selector&quot;:&quot;.//*/text()[contains(normalize-space(translate(string(.), '	
 ', '    ')), &quot;Nothing found&quot;)]/parent::*&quot;}
  (Session info: chrome=63.0.3239.132)
  (Driver info: chromedriver=2.36.540471 (9c759b81a907e70363c6312294d30b6ccccc2752),platform=Linux 3.10.0-1160.49.1.el7.x86_64 x86_64) (WARNING: The server did not provide any stacktrace information)
Command duration or timeout: 0 milliseconds
For documentation on this error, please visit: http://seleniumhq.org/exceptions/no_such_element.html
Build info: version: '3.8.1', revision: '6e95a6684b', time: '2017-12-01T18:33:54.468Z'
System info: host: 'b4e12886b564', ip: '172.17.0.3', os.name: 'Linux', os.arch: 'amd64', os.version: '3.10.0-1160.49.1.el7.x86_64', java.version: '1.8.0_262'
Driver info: org.openqa.selenium.chrome.ChromeDriver
Capabilities {acceptInsecureCerts: false, acceptSslCerts: false, applicationCacheEnabled: false, browserConnectionEnabled: false, browserName: chrome, chrome: {chromedriverVersion: 2.36.540471 (9c759b81a907e7..., userDataDir: /tmp/.org.chromium.Chromium...}, cssSelectorsEnabled: true, databaseEnabled: false, handlesAlerts: true, hasTouchScreen: false, javascriptEnabled: true, locationContextEnabled: true, mobileEmulationEnabled: false, nativeEvents: true, networkConnectionEnabled: false, pageLoadStrategy: normal, platform: LINUX, platformName: LINUX, rotatable: false, setWindowRect: true, takesHeapSnapshot: true, takesScreenshot: true, unexpectedAlertBehaviour: , unhandledPromptBehavior: , version: 63.0.3239.132, webStorageEnabled: true}
Session ID: 3709c804335f120f404be69ea59e41f0
*** Element info: {Using=xpath, value=.//*/text()[contains(normalize-space(translate(string(.), '	
 ', '    ')), &quot;Nothing found&quot;)]/parent::*}
	at sun.reflect.GeneratedConstructorAccessor15.newInstance(Unknown Source)
	at sun.reflect.DelegatingConstructorAccessorImpl.newInstance(DelegatingConstructorAccessorImpl.java:45)
	at java.lang.reflect.Constructor.newInstance(Constructor.java:423)
	at org.openqa.selenium.remote.ErrorHandler.createThrowable(ErrorHandler.java:214)
	at org.openqa.selenium.remote.ErrorHandler.throwIfResponseFailed(ErrorHandler.java:166)
	at org.openqa.selenium.remote.http.JsonHttpResponseCodec.reconstructValue(JsonHttpResponseCodec.java:40)
	at org.openqa.selenium.remote.http.AbstractHttpResponseCodec.decode(AbstractHttpResponseCodec.java:80)
	at org.openqa.selenium.remote.http.AbstractHttpResponseCodec.decode(AbstractHttpResponseCodec.java:44)
	at org.openqa.selenium.remote.HttpCommandExecutor.execute(HttpCommandExecutor.java:164)
	at org.openqa.selenium.remote.service.DriverCommandExecutor.execute(DriverCommandExecutor.java:83)
	at org.openqa.selenium.remote.RemoteWebDriver.execute(RemoteWebDriver.java:601)
	at org.openqa.selenium.remote.RemoteWebDriver.findElement(RemoteWebDriver.java:371)
	at org.openqa.selenium.remote.RemoteWebDriver.findElementByXPath(RemoteWebDriver.java:473)
	at org.openqa.selenium.By$ByXPath.findElement(By.java:361)
	at org.openqa.selenium.remote.RemoteWebDriver.findElement(RemoteWebDriver.java:363)
	at com.codeborne.selenide.impl.WebElementSelector.findElement(WebElementSelector.java:29)
	at com.codeborne.selenide.impl.ElementFinder.getWebElement(ElementFinder.java:56)
	at com.codeborne.selenide.impl.WebElementSource.checkCondition(WebElementSource.java:44)
	... 23 more
</pre>
</span>
</div>
<div class="test">
<a name="searchForStorage - EPMCMBIBPC-2660"></a>
<h3 class="failures">searchForStorage - EPMCMBIBPC-2660</h3>
<span class="code">
<pre>Element should text '2 DATA' {[unknown locator]}
Element: '&lt;div class=&quot;earch__type-button cp-search-type-button&quot;&gt;1 DATA&lt;/div&gt;'
Screenshot: file:/headless/e2e/gui/build/reports/tests/1691353247707.139.png
Page source: file:/headless/e2e/gui/build/reports/tests/1691353247707.139.html
Timeout: 210 s.
	at com.codeborne.selenide.impl.WebElementSource.checkCondition(WebElementSource.java:66)
	at com.codeborne.selenide.commands.Should.should(Should.java:35)
	at com.codeborne.selenide.commands.Should.execute(Should.java:29)
	at com.codeborne.selenide.commands.Should.execute(Should.java:12)
	at com.codeborne.selenide.commands.Commands.execute(Commands.java:144)
	at com.codeborne.selenide.impl.SelenideElementProxy.dispatchAndRetry(SelenideElementProxy.java:87)
	at com.codeborne.selenide.impl.SelenideElementProxy.invoke(SelenideElementProxy.java:63)
	at com.sun.proxy.$Proxy15.should(Unknown Source)
	at com.epam.pipeline.autotests.ao.AccessObject.ensure(AccessObject.java:228)
	at com.epam.pipeline.autotests.GlobalSearchTest.searchForStorage(GlobalSearchTest.java:324)
	at sun.reflect.NativeMethodAccessorImpl.invoke0(Native Method)
	at sun.reflect.NativeMethodAccessorImpl.invoke(NativeMethodAccessorImpl.java:62)
	at sun.reflect.DelegatingMethodAccessorImpl.invoke(DelegatingMethodAccessorImpl.java:43)
	at java.lang.reflect.Method.invoke(Method.java:498)
	at org.testng.internal.MethodInvocationHelper.invokeMethod(MethodInvocationHelper.java:108)
	at org.testng.internal.Invoker.invokeMethod(Invoker.java:661)
	at org.testng.internal.Invoker.invokeTestMethod(Invoker.java:869)
	at org.testng.internal.Invoker.invokeTestMethods(Invoker.java:1193)
	at org.testng.internal.TestMethodWorker.invokeTestMethods(TestMethodWorker.java:126)
	at org.testng.internal.TestMethodWorker.run(TestMethodWorker.java:109)
	at java.util.concurrent.ThreadPoolExecutor.runWorker(ThreadPoolExecutor.java:1149)
	at java.util.concurrent.ThreadPoolExecutor$Worker.run(ThreadPoolExecutor.java:624)
	at java.lang.Thread.run(Thread.java:748)
</pre>
</span>
</div>
<div class="test">
<a name="searchForToolRun - EPMCMBIBPC-2668"></a>
<h3 class="failures">searchForToolRun - EPMCMBIBPC-2668</h3>
<span class="code">
<pre>Element should be visible {By.id: search-results}
Element: '&lt;div class=&quot;earch__search-results&quot; id=&quot;search-results&quot; displayed:false&gt;&lt;/div&gt;'
Screenshot: file:/headless/e2e/gui/build/reports/tests/1691354781740.146.png
Page source: file:/headless/e2e/gui/build/reports/tests/1691354781740.146.html
Timeout: 210 s.
	at com.codeborne.selenide.impl.WebElementSource.checkCondition(WebElementSource.java:66)
	at com.codeborne.selenide.commands.Should.should(Should.java:35)
	at com.codeborne.selenide.commands.Should.execute(Should.java:29)
	at com.codeborne.selenide.commands.Should.execute(Should.java:12)
	at com.codeborne.selenide.commands.Commands.execute(Commands.java:144)
	at com.codeborne.selenide.impl.SelenideElementProxy.dispatchAndRetry(SelenideElementProxy.java:87)
	at com.codeborne.selenide.impl.SelenideElementProxy.invoke(SelenideElementProxy.java:63)
	at com.sun.proxy.$Proxy15.shouldBe(Unknown Source)
	at com.epam.pipeline.autotests.ao.AccessObject.hover(AccessObject.java:178)
	at com.epam.pipeline.autotests.GlobalSearchTest.searchForToolRun(GlobalSearchTest.java:526)
	at sun.reflect.NativeMethodAccessorImpl.invoke0(Native Method)
	at sun.reflect.NativeMethodAccessorImpl.invoke(NativeMethodAccessorImpl.java:62)
	at sun.reflect.DelegatingMethodAccessorImpl.invoke(DelegatingMethodAccessorImpl.java:43)
	at java.lang.reflect.Method.invoke(Method.java:498)
	at org.testng.internal.MethodInvocationHelper.invokeMethod(MethodInvocationHelper.java:108)
	at org.testng.internal.Invoker.invokeMethod(Invoker.java:661)
	at org.testng.internal.Invoker.invokeTestMethod(Invoker.java:869)
	at org.testng.internal.Invoker.invokeTestMethods(Invoker.java:1193)
	at org.testng.internal.TestMethodWorker.invokeTestMethods(TestMethodWorker.java:126)
	at org.testng.internal.TestMethodWorker.run(TestMethodWorker.java:109)
	at java.util.concurrent.ThreadPoolExecutor.runWorker(ThreadPoolExecutor.java:1149)
	at java.util.concurrent.ThreadPoolExecutor$Worker.run(ThreadPoolExecutor.java:624)
	at java.lang.Thread.run(Thread.java:748)
</pre>
</span>
</div>
<div class="test">
<a name="searchWithSpecialExpressions - EPMCMBIBPC-2675"></a>
<h3 class="failures">searchWithSpecialExpressions - EPMCMBIBPC-2675</h3>
<span class="code">
<pre>ListSizeMismatch : expected: &gt;= 2, actual: 1, collection: By.id: search-results/.earch__search-result-item
Elements: [
	&lt;div class=&quot;earch__search-result-item cp-fast-search-result-item cp-table-element&quot; id=&quot;search-result-item-0&quot;&gt;globalSearchInnerFolder14603276234966092723&lt;/div&gt;
]
Screenshot: file:/headless/e2e/gui/build/reports/tests/1691355314089.147.png
Page source: file:/headless/e2e/gui/build/reports/tests/1691355314089.147.html
Timeout: 6 s.
	at com.codeborne.selenide.collections.SizeGreaterThanOrEqual.fail(SizeGreaterThanOrEqual.java:24)
	at com.codeborne.selenide.ElementsCollection.waitUntil(ElementsCollection.java:98)
	at com.codeborne.selenide.ElementsCollection.should(ElementsCollection.java:57)
	at com.codeborne.selenide.ElementsCollection.shouldHave(ElementsCollection.java:48)
	at com.epam.pipeline.autotests.ao.GlobalSearchAO.validateCountSearchResults(GlobalSearchAO.java:147)
	at com.epam.pipeline.autotests.GlobalSearchTest.searchWithSpecialExpressions(GlobalSearchTest.java:724)
	at sun.reflect.NativeMethodAccessorImpl.invoke0(Native Method)
	at sun.reflect.NativeMethodAccessorImpl.invoke(NativeMethodAccessorImpl.java:62)
	at sun.reflect.DelegatingMethodAccessorImpl.invoke(DelegatingMethodAccessorImpl.java:43)
	at java.lang.reflect.Method.invoke(Method.java:498)
	at org.testng.internal.MethodInvocationHelper.invokeMethod(MethodInvocationHelper.java:108)
	at org.testng.internal.Invoker.invokeMethod(Invoker.java:661)
	at org.testng.internal.Invoker.invokeTestMethod(Invoker.java:869)
	at org.testng.internal.Invoker.invokeTestMethods(Invoker.java:1193)
	at org.testng.internal.TestMethodWorker.invokeTestMethods(TestMethodWorker.java:126)
	at org.testng.internal.TestMethodWorker.run(TestMethodWorker.java:109)
	at java.util.concurrent.ThreadPoolExecutor.runWorker(ThreadPoolExecutor.java:1149)
	at java.util.concurrent.ThreadPoolExecutor$Worker.run(ThreadPoolExecutor.java:624)
	at java.lang.Thread.run(Thread.java:748)
</pre>
</span>
</div>
</div>
<div id="tab1" class="tab">
<h2>Tests</h2>
<table>
<thead>
<tr>
<th>Test</th>
<th>Duration</th>
<th>Result</th>
</tr>
</thead>
<tr>
<td class="failures">folderSearch - EPMCMBIBPC-2654</td>
<td>20.861s</td>
<td class="failures">failed</td>
</tr>
<tr>
<td class="failures">folderSearchByEnterKey - EPMCMBIBPC-2655</td>
<td>3m43.09s</td>
<td class="failures">failed</td>
</tr>
<tr>
<td class="skipped">identicalNamesSearch</td>
<td>-</td>
<td class="skipped">ignored</td>
</tr>
<tr>
<td class="failures">issueSearch - EPMCMBIBPC-2670</td>
<td>13m51.97s</td>
<td class="failures">failed</td>
</tr>
<tr>
<td class="success">negativeFolderSearch - EPMCMBIBPC-2656</td>
<td>16.162s</td>
<td class="success">passed</td>
</tr>
<tr>
<td class="failures">searchAfterDeleting - EPMCMBIBPC-2676</td>
<td>11m52.64s</td>
<td class="failures">failed</td>
</tr>
<tr>
<td class="skipped">searchForCompletedToolRun</td>
<td>-</td>
<td class="skipped">ignored</td>
</tr>
<tr>
<td class="success">searchForDetachConfigByConfiguration - EPMCMBIBPC-2673</td>
<td>20.814s</td>
<td class="success">passed</td>
</tr>
<tr>
<td class="success">searchForDetachConfigByName - EPMCMBIBPC-2672</td>
<td>20.638s</td>
<td class="success">passed</td>
</tr>
<tr>
<td class="skipped">searchForFilesAndFoldersInStorage</td>
<td>-</td>
<td class="skipped">ignored</td>
</tr>
<tr>
<td class="success">searchForPipeline - EPMCMBIBPC-2658</td>
<td>3m20.65s</td>
<td class="success">passed</td>
</tr>
<tr>
<td class="success">searchForPipelineRun - EPMCMBIBPC-2663</td>
<td>19.118s</td>
<td class="success">passed</td>
</tr>
<tr>
<td class="success">searchForPipelineRunByID - EPMCMBIBPC-2665</td>
<td>14.407s</td>
<td class="success">passed</td>
</tr>
<tr>
<td class="skipped">searchForPipelineRunOverStoragePath</td>
<td>-</td>
<td class="skipped">ignored</td>
</tr>
<tr>
<td class="success">searchForPipelineWithRuns - EPMCMBIBPC-2662</td>
<td>12m24.47s</td>
<td class="success">passed</td>
</tr>
<tr>
<td class="failures">searchForStorage - EPMCMBIBPC-2660</td>
<td>3m43.42s</td>
<td class="failures">failed</td>
</tr>
<tr>
<td class="skipped">searchForStorageWithChangedName</td>
<td>-</td>
<td class="skipped">ignored</td>
</tr>
<tr>
<td class="success">searchForTool - EPMCMBIBPC-2667</td>
<td>26.456s</td>
<td class="success">passed</td>
</tr>
<tr>
<td class="failures">searchForToolRun - EPMCMBIBPC-2668</td>
<td>25m3.79s</td>
<td class="failures">failed</td>
</tr>
<tr>
<td class="success">searchResultCancel - EPMCMBIBPC-2657</td>
<td>17.159s</td>
<td class="success">passed</td>
</tr>
<tr>
<td class="failures">searchWithSpecialExpressions - EPMCMBIBPC-2675</td>
<td>8m32.33s</td>
<td class="failures">failed</td>
</tr>
</table>
</div>
<div id="tab2" class="tab">
<h2>Standard output</h2>
<span class="code">
<pre>Returns latest run with runId 48148 from [48148]
Returns latest run with runId 48149 from [48148, 48149]
Returns latest run with runId 48151 from [48148, 48149, 48151]
</pre>
</span>
</div>
</div>
<div id="footer">
<p>
<div>
<label class="hidden" id="label-for-line-wrapping-toggle" for="line-wrapping-toggle">Wrap lines
<input id="line-wrapping-toggle" type="checkbox" autocomplete="off"/>
</label>
</div>Generated by 
<a href="http://www.gradle.org">Gradle 3.4.1</a> at Aug 7, 2023 5:26:52 AM</p>
</div>
</div>
</body>
</html>
