<!DOCTYPE html>
<html>
<head>
<meta http-equiv="Content-Type" content="text/html; charset=utf-8"/>
<meta http-equiv="x-ua-compatible" content="IE=edge"/>
<title>Test results - Class com.epam.pipeline.autotests.DetachedConfigurationsTest</title>
<link href="../css/base-style.css" rel="stylesheet" type="text/css"/>
<link href="../css/style.css" rel="stylesheet" type="text/css"/>
<script src="../js/report.js" type="text/javascript"></script>
</head>
<body>
<div id="content">
<h1>Class com.epam.pipeline.autotests.DetachedConfigurationsTest</h1>
<div class="breadcrumbs">
<a href="../index.html">all</a> &gt; 
<a href="../packages/com.epam.pipeline.autotests.html">com.epam.pipeline.autotests</a> &gt; DetachedConfigurationsTest</div>
<div id="summary">
<table>
<tr>
<td>
<div class="summaryGroup">
<table>
<tr>
<td>
<div class="infoBox" id="tests">
<div class="counter">24</div>
<p>tests</p>
</div>
</td>
<td>
<div class="infoBox" id="failures">
<div class="counter">3</div>
<p>failures</p>
</div>
</td>
<td>
<div class="infoBox" id="ignored">
<div class="counter">2</div>
<p>ignored</p>
</div>
</td>
<td>
<div class="infoBox" id="duration">
<div class="counter">14m59.80s</div>
<p>duration</p>
</div>
</td>
</tr>
</table>
</div>
</td>
<td>
<div class="infoBox failures" id="successRate">
<div class="percent">86%</div>
<p>successful</p>
</div>
</td>
</tr>
</table>
</div>
<div id="tabs">
<ul class="tabLinks">
<li>
<a href="#tab0">Failed tests</a>
</li>
<li>
<a href="#tab1">Tests</a>
</li>
</ul>
<div id="tab0" class="tab">
<h2>Failed tests</h2>
<div class="test">
<a name="deleteDetachedConfigurationValidation - EPMCMBIBPC-1604"></a>
<h3 class="failures">deleteDetachedConfigurationValidation - EPMCMBIBPC-1604</h3>
<span class="code">
<pre>Element not found {By.id: navigation-button-library}
Expected: exist
Screenshot: file:/headless/e2e/gui/build/reports/tests/1697268182999.59.png
Page source: file:/headless/e2e/gui/build/reports/tests/1697268182999.59.html
Timeout: 210 s.
Caused by: WebDriverException: unknown error: Element &lt;a id=&quot;navigation-button-library&quot; class=&quot;cp-navigation-menu-item selected&quot; href=&quot;#/library&quot;&gt;...&lt;/a&gt; is not clickable at point (32, 110). Other element would receive the click: &lt;div tabindex=&quot;-1&quot; class=&quot;ant-modal-wrap &quot; role=&quot;dialog&quot;&gt;...&lt;/div&gt;
	at com.codeborne.selenide.impl.WebElementSource.createElementNotFoundError(WebElementSource.java:31)
	at com.codeborne.selenide.impl.ElementFinder.createElementNotFoundError(ElementFinder.java:82)
	at com.codeborne.selenide.impl.SelenideElementProxy.dispatchAndRetry(SelenideElementProxy.java:116)
	at com.codeborne.selenide.impl.SelenideElementProxy.invoke(SelenideElementProxy.java:63)
	at com.sun.proxy.$Proxy15.click(Unknown Source)
	at com.epam.pipeline.autotests.mixins.Navigation.navigationMenu(Navigation.java:38)
	at com.epam.pipeline.autotests.mixins.Navigation.library(Navigation.java:51)
	at com.epam.pipeline.autotests.DetachedConfigurationsTest.deleteDetachedConfigurationValidation(DetachedConfigurationsTest.java:753)
	at sun.reflect.NativeMethodAccessorImpl.invoke0(Native Method)
	at sun.reflect.NativeMethodAccessorImpl.invoke(NativeMethodAccessorImpl.java:62)
	at sun.reflect.DelegatingMethodAccessorImpl.invoke(DelegatingMethodAccessorImpl.java:43)
	at java.lang.reflect.Method.invoke(Method.java:498)
	at org.testng.internal.MethodInvocationHelper.invokeMethod(MethodInvocationHelper.java:108)
	at org.testng.internal.Invoker.invokeMethod(Invoker.java:661)
	at org.testng.internal.Invoker.invokeTestMethod(Invoker.java:869)
	at org.testng.internal.Invoker.invokeTestMethods(Invoker.java:1193)
	at org.testng.internal.TestMethodWorker.invokeTestMethods(TestMethodWorker.java:126)
	at org.testng.internal.TestMethodWorker.run(TestMethodWorker.java:109)
	at java.util.concurrent.ThreadPoolExecutor.runWorker(ThreadPoolExecutor.java:1149)
	at java.util.concurrent.ThreadPoolExecutor$Worker.run(ThreadPoolExecutor.java:624)
	at java.lang.Thread.run(Thread.java:748)
Caused by: org.openqa.selenium.WebDriverException: unknown error: Element &lt;a id=&quot;navigation-button-library&quot; class=&quot;cp-navigation-menu-item selected&quot; href=&quot;#/library&quot;&gt;...&lt;/a&gt; is not clickable at point (32, 110). Other element would receive the click: &lt;div tabindex=&quot;-1&quot; class=&quot;ant-modal-wrap &quot; role=&quot;dialog&quot;&gt;...&lt;/div&gt;
  (Session info: chrome=63.0.3239.132)
  (Driver info: chromedriver=2.36.540471 (9c759b81a907e70363c6312294d30b6ccccc2752),platform=Linux 3.10.0-1160.49.1.el7.x86_64 x86_64) (WARNING: The server did not provide any stacktrace information)
Command duration or timeout: 0 milliseconds
Build info: version: '3.8.1', revision: '6e95a6684b', time: '2017-12-01T18:33:54.468Z'
System info: host: 'f0c28d696abe', ip: '172.17.0.4', os.name: 'Linux', os.arch: 'amd64', os.version: '3.10.0-1160.49.1.el7.x86_64', java.version: '1.8.0_262'
Driver info: org.openqa.selenium.chrome.ChromeDriver
Capabilities {acceptInsecureCerts: false, acceptSslCerts: false, applicationCacheEnabled: false, browserConnectionEnabled: false, browserName: chrome, chrome: {chromedriverVersion: 2.36.540471 (9c759b81a907e7..., userDataDir: /tmp/.org.chromium.Chromium...}, cssSelectorsEnabled: true, databaseEnabled: false, handlesAlerts: true, hasTouchScreen: false, javascriptEnabled: true, locationContextEnabled: true, mobileEmulationEnabled: false, nativeEvents: true, networkConnectionEnabled: false, pageLoadStrategy: normal, platform: LINUX, platformName: LINUX, rotatable: false, setWindowRect: true, takesHeapSnapshot: true, takesScreenshot: true, unexpectedAlertBehaviour: , unhandledPromptBehavior: , version: 63.0.3239.132, webStorageEnabled: true}
Session ID: 6f51e035bd09bbc3e693428f854fa41a
	at sun.reflect.GeneratedConstructorAccessor23.newInstance(Unknown Source)
	at sun.reflect.DelegatingConstructorAccessorImpl.newInstance(DelegatingConstructorAccessorImpl.java:45)
	at java.lang.reflect.Constructor.newInstance(Constructor.java:423)
	at org.openqa.selenium.remote.ErrorHandler.createThrowable(ErrorHandler.java:214)
	at org.openqa.selenium.remote.ErrorHandler.throwIfResponseFailed(ErrorHandler.java:166)
	at org.openqa.selenium.remote.http.JsonHttpResponseCodec.reconstructValue(JsonHttpResponseCodec.java:40)
	at org.openqa.selenium.remote.http.AbstractHttpResponseCodec.decode(AbstractHttpResponseCodec.java:80)
	at org.openqa.selenium.remote.http.AbstractHttpResponseCodec.decode(AbstractHttpResponseCodec.java:44)
	at org.openqa.selenium.remote.HttpCommandExecutor.execute(HttpCommandExecutor.java:164)
	at org.openqa.selenium.remote.service.DriverCommandExecutor.execute(DriverCommandExecutor.java:83)
	at org.openqa.selenium.remote.RemoteWebDriver.execute(RemoteWebDriver.java:601)
	at org.openqa.selenium.remote.RemoteWebElement.execute(RemoteWebElement.java:279)
	at org.openqa.selenium.remote.RemoteWebElement.click(RemoteWebElement.java:83)
	at com.codeborne.selenide.commands.Click.click(Click.java:29)
	at com.codeborne.selenide.commands.Click.execute(Click.java:16)
	at com.codeborne.selenide.commands.Click.execute(Click.java:12)
	at com.codeborne.selenide.commands.Commands.execute(Commands.java:144)
	at com.codeborne.selenide.impl.SelenideElementProxy.dispatchAndRetry(SelenideElementProxy.java:87)
	... 18 more
</pre>
</span>
</div>
<div class="test">
<a name="validationOfConfigWithEmptyParametersInDetachConfiguration - EPMCMBIBPC-1140"></a>
<h3 class="failures">validationOfConfigWithEmptyParametersInDetachConfiguration - EPMCMBIBPC-1140</h3>
<span class="code">
<pre>Element not found {input of By.xpath: (//*[contains(@class, 'form-item') and .//*[contains(@class, 'ant-form-item-label') and .//*[contains(text(), 'Pipeline')]]])[last()]}
Expected: exist
Screenshot: file:/headless/e2e/gui/build/reports/tests/1697267971841.58.png
Page source: file:/headless/e2e/gui/build/reports/tests/1697267971841.58.html
Timeout: 210 s.
Caused by: WebDriverException: unknown error: Element &lt;input type=&quot;text&quot; value=&quot;detached-conf-pipeline-1-4593310581608198840 (draft-3c570adf - default)&quot; class=&quot;ant-input ant-input-lg&quot;&gt; is not clickable at point (844, 251). Other element would receive the click: &lt;div role=&quot;document&quot; class=&quot;ant-modal ant-confirm ant-confirm-confirm&quot; style=&quot;word-wrap: break-word; width: 416px;&quot;&gt;...&lt;/div&gt;
	at com.codeborne.selenide.impl.WebElementSource.createElementNotFoundError(WebElementSource.java:31)
	at com.codeborne.selenide.impl.ElementFinder.createElementNotFoundError(ElementFinder.java:82)
	at com.codeborne.selenide.impl.SelenideElementProxy.dispatchAndRetry(SelenideElementProxy.java:116)
	at com.codeborne.selenide.impl.SelenideElementProxy.invoke(SelenideElementProxy.java:63)
	at com.sun.proxy.$Proxy15.click(Unknown Source)
	at com.epam.pipeline.autotests.ao.AccessObject.click(AccessObject.java:101)
	at com.epam.pipeline.autotests.ao.Configuration.selectPipeline(Configuration.java:202)
	at com.epam.pipeline.autotests.ao.Configuration.selectPipeline(Configuration.java:208)
	at com.epam.pipeline.autotests.DetachedConfigurationsTest.lambda$validationOfConfigWithEmptyParametersInDetachConfiguration$42(DetachedConfigurationsTest.java:600)
	at com.epam.pipeline.autotests.ao.PipelinesLibraryAO.configurationWithin(PipelinesLibraryAO.java:428)
	at com.epam.pipeline.autotests.DetachedConfigurationsTest.validationOfConfigWithEmptyParametersInDetachConfiguration(DetachedConfigurationsTest.java:592)
	at sun.reflect.NativeMethodAccessorImpl.invoke0(Native Method)
	at sun.reflect.NativeMethodAccessorImpl.invoke(NativeMethodAccessorImpl.java:62)
	at sun.reflect.DelegatingMethodAccessorImpl.invoke(DelegatingMethodAccessorImpl.java:43)
	at java.lang.reflect.Method.invoke(Method.java:498)
	at org.testng.internal.MethodInvocationHelper.invokeMethod(MethodInvocationHelper.java:108)
	at org.testng.internal.Invoker.invokeMethod(Invoker.java:661)
	at org.testng.internal.Invoker.invokeTestMethod(Invoker.java:869)
	at org.testng.internal.Invoker.invokeTestMethods(Invoker.java:1193)
	at org.testng.internal.TestMethodWorker.invokeTestMethods(TestMethodWorker.java:126)
	at org.testng.internal.TestMethodWorker.run(TestMethodWorker.java:109)
	at java.util.concurrent.ThreadPoolExecutor.runWorker(ThreadPoolExecutor.java:1149)
	at java.util.concurrent.ThreadPoolExecutor$Worker.run(ThreadPoolExecutor.java:624)
	at java.lang.Thread.run(Thread.java:748)
Caused by: org.openqa.selenium.WebDriverException: unknown error: Element &lt;input type=&quot;text&quot; value=&quot;detached-conf-pipeline-1-4593310581608198840 (draft-3c570adf - default)&quot; class=&quot;ant-input ant-input-lg&quot;&gt; is not clickable at point (844, 251). Other element would receive the click: &lt;div role=&quot;document&quot; class=&quot;ant-modal ant-confirm ant-confirm-confirm&quot; style=&quot;word-wrap: break-word; width: 416px;&quot;&gt;...&lt;/div&gt;
  (Session info: chrome=63.0.3239.132)
  (Driver info: chromedriver=2.36.540471 (9c759b81a907e70363c6312294d30b6ccccc2752),platform=Linux 3.10.0-1160.49.1.el7.x86_64 x86_64) (WARNING: The server did not provide any stacktrace information)
Command duration or timeout: 0 milliseconds
Build info: version: '3.8.1', revision: '6e95a6684b', time: '2017-12-01T18:33:54.468Z'
System info: host: 'f0c28d696abe', ip: '172.17.0.4', os.name: 'Linux', os.arch: 'amd64', os.version: '3.10.0-1160.49.1.el7.x86_64', java.version: '1.8.0_262'
Driver info: org.openqa.selenium.chrome.ChromeDriver
Capabilities {acceptInsecureCerts: false, acceptSslCerts: false, applicationCacheEnabled: false, browserConnectionEnabled: false, browserName: chrome, chrome: {chromedriverVersion: 2.36.540471 (9c759b81a907e7..., userDataDir: /tmp/.org.chromium.Chromium...}, cssSelectorsEnabled: true, databaseEnabled: false, handlesAlerts: true, hasTouchScreen: false, javascriptEnabled: true, locationContextEnabled: true, mobileEmulationEnabled: false, nativeEvents: true, networkConnectionEnabled: false, pageLoadStrategy: normal, platform: LINUX, platformName: LINUX, rotatable: false, setWindowRect: true, takesHeapSnapshot: true, takesScreenshot: true, unexpectedAlertBehaviour: , unhandledPromptBehavior: , version: 63.0.3239.132, webStorageEnabled: true}
Session ID: 6f51e035bd09bbc3e693428f854fa41a
	at sun.reflect.GeneratedConstructorAccessor23.newInstance(Unknown Source)
	at sun.reflect.DelegatingConstructorAccessorImpl.newInstance(DelegatingConstructorAccessorImpl.java:45)
	at java.lang.reflect.Constructor.newInstance(Constructor.java:423)
	at org.openqa.selenium.remote.ErrorHandler.createThrowable(ErrorHandler.java:214)
	at org.openqa.selenium.remote.ErrorHandler.throwIfResponseFailed(ErrorHandler.java:166)
	at org.openqa.selenium.remote.http.JsonHttpResponseCodec.reconstructValue(JsonHttpResponseCodec.java:40)
	at org.openqa.selenium.remote.http.AbstractHttpResponseCodec.decode(AbstractHttpResponseCodec.java:80)
	at org.openqa.selenium.remote.http.AbstractHttpResponseCodec.decode(AbstractHttpResponseCodec.java:44)
	at org.openqa.selenium.remote.HttpCommandExecutor.execute(HttpCommandExecutor.java:164)
	at org.openqa.selenium.remote.service.DriverCommandExecutor.execute(DriverCommandExecutor.java:83)
	at org.openqa.selenium.remote.RemoteWebDriver.execute(RemoteWebDriver.java:601)
	at org.openqa.selenium.remote.RemoteWebElement.execute(RemoteWebElement.java:279)
	at org.openqa.selenium.remote.RemoteWebElement.click(RemoteWebElement.java:83)
	at com.codeborne.selenide.commands.Click.click(Click.java:29)
	at com.codeborne.selenide.commands.Click.execute(Click.java:16)
	at com.codeborne.selenide.commands.Click.execute(Click.java:12)
	at com.codeborne.selenide.commands.Commands.execute(Commands.java:144)
	at com.codeborne.selenide.impl.SelenideElementProxy.dispatchAndRetry(SelenideElementProxy.java:87)
	... 21 more
</pre>
</span>
</div>
<div class="test">
<a name="validationOfConfigWithNonEmptyParametersInDetachConfiguration - EPMCMBIBPC-1611"></a>
<h3 class="failures">validationOfConfigWithNonEmptyParametersInDetachConfiguration - EPMCMBIBPC-1611</h3>
<span class="code">
<pre>Element not found {By.xpath: .//*[contains(concat(' ', @class, ' '), ' ant-form-item-control ') and .//input[@placeholder = 'Name' and @value = 'stringParameter'] and .//input[@value = 'stringParameterValue']]}
Expected: exist
Screenshot: file:/headless/e2e/gui/build/reports/tests/1697267600819.57.png
Page source: file:/headless/e2e/gui/build/reports/tests/1697267600819.57.html
Timeout: 210 s.
Caused by: NoSuchElementException: Cannot locate an element using By.xpath: .//*[contains(concat(' ', @class, ' '), ' ant-form-item-control ') and .//input[@placeholder = 'Name' and @value = 'stringParameter'] and .//input[@value = 'stringParameterValue']]
	at com.codeborne.selenide.impl.WebElementSource.createElementNotFoundError(WebElementSource.java:31)
	at com.codeborne.selenide.impl.ElementFinder.createElementNotFoundError(ElementFinder.java:82)
	at com.codeborne.selenide.impl.WebElementSource.checkCondition(WebElementSource.java:59)
	at com.codeborne.selenide.commands.Should.should(Should.java:35)
	at com.codeborne.selenide.commands.Should.execute(Should.java:29)
	at com.codeborne.selenide.commands.Should.execute(Should.java:12)
	at com.codeborne.selenide.commands.Commands.execute(Commands.java:144)
	at com.codeborne.selenide.impl.SelenideElementProxy.dispatchAndRetry(SelenideElementProxy.java:87)
	at com.codeborne.selenide.impl.SelenideElementProxy.invoke(SelenideElementProxy.java:63)
	at com.sun.proxy.$Proxy15.should(Unknown Source)
	at com.epam.pipeline.autotests.ao.AccessObject.ensure(AccessObject.java:191)
	at com.epam.pipeline.autotests.DetachedConfigurationsTest.lambda$validationOfConfigWithNonEmptyParametersInDetachConfiguration$41(DetachedConfigurationsTest.java:578)
	at com.epam.pipeline.autotests.ao.PipelinesLibraryAO.configurationWithin(PipelinesLibraryAO.java:428)
	at com.epam.pipeline.autotests.DetachedConfigurationsTest.validationOfConfigWithNonEmptyParametersInDetachConfiguration(DetachedConfigurationsTest.java:575)
	at sun.reflect.NativeMethodAccessorImpl.invoke0(Native Method)
	at sun.reflect.NativeMethodAccessorImpl.invoke(NativeMethodAccessorImpl.java:62)
	at sun.reflect.DelegatingMethodAccessorImpl.invoke(DelegatingMethodAccessorImpl.java:43)
	at java.lang.reflect.Method.invoke(Method.java:498)
	at org.testng.internal.MethodInvocationHelper.invokeMethod(MethodInvocationHelper.java:108)
	at org.testng.internal.Invoker.invokeMethod(Invoker.java:661)
	at org.testng.internal.Invoker.invokeTestMethod(Invoker.java:869)
	at org.testng.internal.Invoker.invokeTestMethods(Invoker.java:1193)
	at org.testng.internal.TestMethodWorker.invokeTestMethods(TestMethodWorker.java:126)
	at org.testng.internal.TestMethodWorker.run(TestMethodWorker.java:109)
	at java.util.concurrent.ThreadPoolExecutor.runWorker(ThreadPoolExecutor.java:1149)
	at java.util.concurrent.ThreadPoolExecutor$Worker.run(ThreadPoolExecutor.java:624)
	at java.lang.Thread.run(Thread.java:748)
Caused by: org.openqa.selenium.NoSuchElementException: Cannot locate an element using By.xpath: .//*[contains(concat(' ', @class, ' '), ' ant-form-item-control ') and .//input[@placeholder = 'Name' and @value = 'stringParameter'] and .//input[@value = 'stringParameterValue']]
For documentation on this error, please visit: http://seleniumhq.org/exceptions/no_such_element.html
Build info: version: '3.8.1', revision: '6e95a6684b', time: '2017-12-01T18:33:54.468Z'
System info: host: 'f0c28d696abe', ip: '172.17.0.4', os.name: 'Linux', os.arch: 'amd64', os.version: '3.10.0-1160.49.1.el7.x86_64', java.version: '1.8.0_262'
Driver info: driver.version: unknown
	at org.openqa.selenium.By.findElement(By.java:162)
	at org.openqa.selenium.remote.RemoteWebElement.findElement(RemoteWebElement.java:175)
	at com.codeborne.selenide.impl.WebElementSelector.findElement(WebElementSelector.java:29)
	at com.codeborne.selenide.impl.ElementFinder.getWebElement(ElementFinder.java:56)
	at com.codeborne.selenide.impl.WebElementSource.checkCondition(WebElementSource.java:44)
	... 24 more
</pre>
</span>
</div>
</div>
<div id="tab1" class="tab">
<h2>Tests</h2>
<table>
<thead>
<tr>
<th>Test</th>
<th>Duration</th>
<th>Result</th>
</tr>
</thead>
<tr>
<td class="success">addParameterToDetachedConfiguration - EPMCMBIBPC-1601</td>
<td>13.957s</td>
<td class="success">passed</td>
</tr>
<tr>
<td class="success">changeSecondConfigurationProfilePipeline - EPMCMBIBPC-1139</td>
<td>20.713s</td>
<td class="success">passed</td>
</tr>
<tr>
<td class="success">changesValidationInAttachedPipelineConfiguration - EPMCMBIBPC-1544</td>
<td>27.142s</td>
<td class="success">passed</td>
</tr>
<tr>
<td class="skipped">checkPipelineConfigAfterChangesInDetachedConfig</td>
<td>-</td>
<td class="skipped">ignored</td>
</tr>
<tr>
<td class="success">configurationChangingValidation - EPMCMBIBPC-1115</td>
<td>12.945s</td>
<td class="success">passed</td>
</tr>
<tr>
<td class="success">configurationProfileSetAsDefaultBehaviour - EPMCMBIBPC-1144</td>
<td>15.953s</td>
<td class="success">passed</td>
</tr>
<tr>
<td class="success">configurationRenamingValidation - EPMCMBIBPC-1130</td>
<td>7.887s</td>
<td class="success">passed</td>
</tr>
<tr>
<td class="success">configurationSavingValidation - EPMCMBIBPC-1114</td>
<td>18.559s</td>
<td class="success">passed</td>
</tr>
<tr>
<td class="failures">deleteDetachedConfigurationValidation - EPMCMBIBPC-1604</td>
<td>3m31.06s</td>
<td class="failures">failed</td>
</tr>
<tr>
<td class="success">detachedConfigurationCreatingPopupFocusValidation - EPMCMBIBPC-1493</td>
<td>4.572s</td>
<td class="success">passed</td>
</tr>
<tr>
<td class="success">detachedConfigurationCreatingValidation - EPMCMBIBPC-1185</td>
<td>14.448s</td>
<td class="success">passed</td>
</tr>
<tr>
<td class="success">detachedConfigurationEditionPopupFocusValidation - EPMCMBIBPC-1495</td>
<td>18.524s</td>
<td class="success">passed</td>
</tr>
<tr>
<td class="success">detachedConfigurationProfileAdditionPopupFocusValidation - EPMCMBIBPC-1496</td>
<td>2.907s</td>
<td class="success">passed</td>
</tr>
<tr>
<td class="success">dockerImageSelection - EPMCMBIBPC-1494</td>
<td>19.201s</td>
<td class="success">passed</td>
</tr>
<tr>
<td class="success">exitWithoutSavingValidation - EPMCMBIBPC-1113</td>
<td>3.738s</td>
<td class="success">passed</td>
</tr>
<tr>
<td class="success">fieldsEditingProhibitionValidation - EPMCMBIBPC-1132</td>
<td>4.814s</td>
<td class="success">passed</td>
</tr>
<tr>
<td class="success">groupAdditionValidation - EPMCMBIBPC-1149</td>
<td>12.239s</td>
<td class="success">passed</td>
</tr>
<tr>
<td class="success">pipelineAdditionValidation - EPMCMBIBPC-1112</td>
<td>10.034s</td>
<td class="success">passed</td>
</tr>
<tr>
<td class="success">priceTypeValidation - EPMCMBIBPC-1516</td>
<td>5.015s</td>
<td class="success">passed</td>
</tr>
<tr>
<td class="success">secondConfigurationProfileAddition - EPMCMBIBPC-1129</td>
<td>7.545s</td>
<td class="success">passed</td>
</tr>
<tr>
<td class="success">templatesListContainsAllProfiles - EPMCMBIBPC-1145</td>
<td>4.351s</td>
<td class="success">passed</td>
</tr>
<tr>
<td class="skipped">validateRunSingleConfigFromDetachedConfiguration</td>
<td>-</td>
<td class="skipped">ignored</td>
</tr>
<tr>
<td class="failures">validationOfConfigWithEmptyParametersInDetachConfiguration - EPMCMBIBPC-1140</td>
<td>3m49.87s</td>
<td class="failures">failed</td>
</tr>
<tr>
<td class="failures">validationOfConfigWithNonEmptyParametersInDetachConfiguration - EPMCMBIBPC-1611</td>
<td>3m54.33s</td>
<td class="failures">failed</td>
</tr>
</table>
</div>
</div>
<div id="footer">
<p>
<div>
<label class="hidden" id="label-for-line-wrapping-toggle" for="line-wrapping-toggle">Wrap lines
<input id="line-wrapping-toggle" type="checkbox" autocomplete="off"/>
</label>
</div>Generated by 
<a href="http://www.gradle.org">Gradle 3.4.1</a> at Oct 14, 2023 10:27:50 PM</p>
</div>
</div>
</body>
</html>
